  ZScriptFunctions.cpp
w:\myprojects\zscript\token.h(133): warning C4244: 'return': conversion from 'const double' to 'float', possible loss of data
w:\myprojects\zscript\token.h(139): warning C4244: 'return': conversion from 'const double' to 'int', possible loss of data
w:\myprojects\zscript\token.h(151): warning C4244: 'return': conversion from 'const double' to 'unsigned int', possible loss of data
  VarInterpreter.cpp
w:\myprojects\zscript\token.h(133): warning C4244: 'return': conversion from 'const double' to 'float', possible loss of data
w:\myprojects\zscript\token.h(139): warning C4244: 'return': conversion from 'const double' to 'int', possible loss of data
w:\myprojects\zscript\token.h(151): warning C4244: 'return': conversion from 'const double' to 'unsigned int', possible loss of data
  Token.cpp
w:\myprojects\zscript\token.h(133): warning C4244: 'return': conversion from 'const double' to 'float', possible loss of data
w:\myprojects\zscript\token.h(139): warning C4244: 'return': conversion from 'const double' to 'int', possible loss of data
w:\myprojects\zscript\token.h(151): warning C4244: 'return': conversion from 'const double' to 'unsigned int', possible loss of data
w:\myprojects\zscript\token.cpp(51): warning C4150: deletion of pointer to incomplete type 'ZScript::LoxCFunction'; no destructor called
  w:\myprojects\zscript\token.h(14): note: see declaration of 'ZScript::LoxCFunction'
  Stmt.cpp
w:\myprojects\zscript\token.h(133): warning C4244: 'return': conversion from 'const double' to 'float', possible loss of data
w:\myprojects\zscript\token.h(139): warning C4244: 'return': conversion from 'const double' to 'int', possible loss of data
w:\myprojects\zscript\token.h(151): warning C4244: 'return': conversion from 'const double' to 'unsigned int', possible loss of data
  Source.cpp
  Scanner.cpp
w:\myprojects\zscript\token.h(133): warning C4244: 'return': conversion from 'const double' to 'float', possible loss of data
w:\myprojects\zscript\token.h(139): warning C4244: 'return': conversion from 'const double' to 'int', possible loss of data
w:\myprojects\zscript\token.h(151): warning C4244: 'return': conversion from 'const double' to 'unsigned int', possible loss of data
  Parser.cpp
w:\myprojects\zscript\token.h(133): warning C4244: 'return': conversion from 'const double' to 'float', possible loss of data
w:\myprojects\zscript\token.h(139): warning C4244: 'return': conversion from 'const double' to 'int', possible loss of data
w:\myprojects\zscript\token.h(151): warning C4244: 'return': conversion from 'const double' to 'unsigned int', possible loss of data
w:\myprojects\zscript\parser.cpp(41): warning C4101: 'error': unreferenced local variable
w:\myprojects\zscript\parser.cpp(293): warning C4101: 'error': unreferenced local variable
  main.cpp
w:\myprojects\zscript\token.h(133): warning C4244: 'return': conversion from 'const double' to 'float', possible loss of data
w:\myprojects\zscript\token.h(139): warning C4244: 'return': conversion from 'const double' to 'int', possible loss of data
w:\myprojects\zscript\token.h(151): warning C4244: 'return': conversion from 'const double' to 'unsigned int', possible loss of data
  LoxCallable.cpp
w:\myprojects\zscript\token.h(133): warning C4244: 'return': conversion from 'const double' to 'float', possible loss of data
w:\myprojects\zscript\token.h(139): warning C4244: 'return': conversion from 'const double' to 'int', possible loss of data
w:\myprojects\zscript\token.h(151): warning C4244: 'return': conversion from 'const double' to 'unsigned int', possible loss of data
  Interpreter.cpp
w:\myprojects\zscript\token.h(133): warning C4244: 'return': conversion from 'const double' to 'float', possible loss of data
w:\myprojects\zscript\token.h(139): warning C4244: 'return': conversion from 'const double' to 'int', possible loss of data
w:\myprojects\zscript\token.h(151): warning C4244: 'return': conversion from 'const double' to 'unsigned int', possible loss of data
w:\myprojects\zscript\interpreter.cpp(11): warning C4244: 'argument': conversion from 'const double' to 'float', possible loss of data
  Expr.cpp
w:\myprojects\zscript\token.h(133): warning C4244: 'return': conversion from 'const double' to 'float', possible loss of data
w:\myprojects\zscript\token.h(139): warning C4244: 'return': conversion from 'const double' to 'int', possible loss of data
w:\myprojects\zscript\token.h(151): warning C4244: 'return': conversion from 'const double' to 'unsigned int', possible loss of data
  Environment.cpp
w:\myprojects\zscript\token.h(133): warning C4244: 'return': conversion from 'const double' to 'float', possible loss of data
w:\myprojects\zscript\token.h(139): warning C4244: 'return': conversion from 'const double' to 'int', possible loss of data
w:\myprojects\zscript\token.h(151): warning C4244: 'return': conversion from 'const double' to 'unsigned int', possible loss of data
  CClass.cpp
w:\myprojects\zscript\token.h(133): warning C4244: 'return': conversion from 'const double' to 'float', possible loss of data
w:\myprojects\zscript\token.h(139): warning C4244: 'return': conversion from 'const double' to 'int', possible loss of data
w:\myprojects\zscript\token.h(151): warning C4244: 'return': conversion from 'const double' to 'unsigned int', possible loss of data
  Generating Code...
w:\myprojects\zscript\parser.cpp(601): warning C4715: 'ZScript::Parser::primary': not all control paths return a value
  ZScript.vcxproj -> W:\MyProjects\ZScript\Debug\ZScript.exe
  ZScript.vcxproj -> W:\MyProjects\ZScript\Debug\ZScript.pdb (Partial PDB)

Project Performance Summary:
     5732 ms  W:\MyProjects\ZScript\ZScript.vcxproj      1 calls
               5732 ms  Build                                      1 calls

Target Performance Summary:
        0 ms  AfterBuild                                 1 calls
        0 ms  GetCopyToOutputDirectoryXamlAppDefs        1 calls
        0 ms  _CheckForCompileOutputs                    1 calls
        0 ms  _Manifest                                  1 calls
        0 ms  _SelectedFiles                             1 calls
        0 ms  _PrepareForBuild                           1 calls
        0 ms  PostBuildEvent                             1 calls
        0 ms  _Midl                                      1 calls
        0 ms  SelectCustomBuild                          1 calls
        0 ms  SelectClCompile                            1 calls
        0 ms  _ClCompile                                 1 calls
        0 ms  ModifyUnitTestPlatformVersion              1 calls
        0 ms  CreateCustomManifestResourceNames          1 calls
        0 ms  BeforeLink                                 1 calls
        0 ms  ComputeCLInputPDBName                      1 calls
        0 ms  AfterBuildCompileEvent                     1 calls
        0 ms  _BuildLinkAction                           1 calls
        0 ms  BeforeResourceCompile                      1 calls
        0 ms  AfterMidl                                  1 calls
        0 ms  FixupCLCompileOptions                      1 calls
        0 ms  PreLinkEvent                               1 calls
        0 ms  ResolveReferences                          1 calls
        0 ms  ComputeCLCompileGeneratedXDCFiles          1 calls
        0 ms  BuildGenerateSources                       1 calls
        0 ms  _CopySourceItemsToOutputDirectory          1 calls
        0 ms  ComputeLinkImportLibraryOutputsForClean    1 calls
        0 ms  GetFrameworkPaths                          1 calls
        0 ms  AfterResourceCompile                       1 calls
        0 ms  _Xsd                                       1 calls
        0 ms  ComputeCustomBuildOutput                   1 calls
        0 ms  _GenerateSatelliteAssemblyInputs           1 calls
        0 ms  ComputeManifestGeneratedLinkerInputs       1 calls
        0 ms  MakeDirsForResourceCompile                 1 calls
        0 ms  ComputeLinkInputsFromProject               1 calls
        0 ms  Build                                      1 calls
        0 ms  _Link                                      1 calls
        0 ms  ComputeRCOutputs                           1 calls
        0 ms  _XdcMake                                   1 calls
        0 ms  CreateSatelliteAssemblies                  1 calls
        0 ms  ExpandSDKReferences                        1 calls
        0 ms  AfterBuildGenerateSources                  1 calls
        0 ms  _ResourceCompile                           1 calls
        0 ms  _Deploy                                    1 calls
        0 ms  ComputeMIDLGeneratedCompileInputs          1 calls
        0 ms  PrepareForRun                              1 calls
        0 ms  AfterLink                                  1 calls
        0 ms  PrepareResourceNames                       1 calls
        0 ms  AfterBuildGenerateSourcesEvent             1 calls
        0 ms  BeforeClCompile                            1 calls
        0 ms  ComputeCLCompileGeneratedSbrFiles          1 calls
        0 ms  AfterResolveReferences                     1 calls
        0 ms  _Appverifier                               1 calls
        0 ms  BeforeResolveReferences                    1 calls
        0 ms  ComputeReferenceCLInput                    1 calls
        0 ms  _PrepareForReferenceResolution             1 calls
        0 ms  PreBuildEvent                              1 calls
        0 ms  BuildLink                                  1 calls
        0 ms  _BuildGenerateSourcesAction                1 calls
        0 ms  MakeDirsForMidl                            1 calls
        0 ms  DoLinkOutputFilesMatch                     1 calls
        0 ms  ComputeRCGeneratedLinkInputs               1 calls
        0 ms  ResolveSDKReferences                       1 calls
        0 ms  _ALink                                     1 calls
        0 ms  ComputeLegacyManifestEmbedding             1 calls
        0 ms  BeforeBuildGenerateSources                 1 calls
        0 ms  AfterClCompile                             1 calls
        0 ms  AssignTargetPaths                          1 calls
        0 ms  _SplitProjectReferencesByFileExistence     1 calls
        0 ms  ResolvedXDCMake                            1 calls
        0 ms  BuildCompile                               1 calls
        0 ms  PlatformPrepareForBuild                    1 calls
        0 ms  ComputeCLGeneratedLinkInputs               1 calls
        0 ms  GetInstalledSDKLocations                   1 calls
        0 ms  _BuildCompileAction                        1 calls
        0 ms  MakeDirsForXdcMake                         1 calls
        0 ms  _BscMake                                   1 calls
        0 ms  BuildLinkTraverse                          1 calls
        0 ms  ComputeCLOutputs                           1 calls
        1 ms  ResolveProjectReferences                   1 calls
        1 ms  ComputeLinkSwitches                        1 calls
        1 ms  FinalizeBuildStatus                        1 calls
        1 ms  InitializeBuildStatus                      1 calls
        1 ms  SplitResourcesByCulture                    1 calls
        1 ms  MakeDirsForLink                            1 calls
        1 ms  SetBuildDefaultEnvironmentVariables        1 calls
        1 ms  BuildGenerateSourcesTraverse               1 calls
        1 ms  AssignProjectConfiguration                 1 calls
        1 ms  CopyFilesToOutputDirectory                 1 calls
        1 ms  BuildCompileTraverse                       1 calls
        1 ms  GetCopyToOutputDirectoryItems              1 calls
        1 ms  GetResolvedWinMD                           1 calls
        1 ms  ResolveAssemblyReferences                  1 calls
        1 ms  ComputeManifestInputsTargets               1 calls
        1 ms  MakeDirsForBscMake                         1 calls
        1 ms  RegisterOutput                             1 calls
        2 ms  _CheckForInvalidConfigurationAndPlatform   1 calls
        2 ms  PrepareForBuild                            1 calls
        3 ms  MakeDirsForCl                              1 calls
        3 ms  SetCABuildNativeEnvironmentVariables       1 calls
        4 ms  WarnCompileDuplicatedFilename              1 calls
        4 ms  GetReferenceAssemblyPaths                  1 calls
      299 ms  Link                                       1 calls
     5404 ms  ClCompile                                  1 calls
